# JRE version: OpenJDK Runtime Environment (8.0_202-b03) (build 1.8.0_202-release-1483-b03)
# Java VM: OpenJDK 64-Bit Server VM (25.202-b03 mixed mode windows-amd64 compressed oops)
Heap:
 PSYoungGen      total 340992K, used 332782K [0x00000000e0000000, 0x00000000f9c00000, 0x0000000100000000)
  eden space 293888K, 100% used [0x00000000e0000000,0x00000000f1f00000,0x00000000f1f00000)
  from space 47104K, 82% used [0x00000000f6e00000,0x00000000f93fb9f8,0x00000000f9c00000)
  to   space 64000K, 55% used [0x00000000f1f00000,0x00000000f41c64f0,0x00000000f5d80000)
 ParOldGen       total 394752K, used 66537K [0x00000000a0000000, 0x00000000b8180000, 0x00000000e0000000)
  object space 394752K, 16% used [0x00000000a0000000,0x00000000a40fa478,0x00000000b8180000)
 Metaspace       used 154003K, capacity 162964K, committed 166528K, reserved 1193984K
  class space    used 19570K, capacity 21162K, committed 21888K, reserved 1048576K
GC Heap History (10 events):
Event: 21549.048 GC heap after
Heap after GC invocations=49 (full 8):
 PSYoungGen      total 323072K, used 13414K [0x00000000e0000000, 0x00000000faf00000, 0x0000000100000000)
  eden space 309248K, 0% used [0x00000000e0000000,0x00000000e0000000,0x00000000f2e00000)
  from space 13824K, 97% used [0x00000000f2e00000,0x00000000f3b19ac0,0x00000000f3b80000)
  to   space 66048K, 0% used [0x00000000f6e80000,0x00000000f6e80000,0x00000000faf00000)
 ParOldGen       total 394752K, used 58255K [0x00000000a0000000, 0x00000000b8180000, 0x00000000e0000000)
  object space 394752K, 14% used [0x00000000a0000000,0x00000000a38e3ed0,0x00000000b8180000)
 Metaspace       used 132023K, capacity 138340K, committed 151040K, reserved 1179648K
  class space    used 16431K, capacity 17528K, committed 20224K, reserved 1048576K
}
Event: 21549.048 GC heap before
{Heap before GC invocations=50 (full 9):
 PSYoungGen      total 323072K, used 13414K [0x00000000e0000000, 0x00000000faf00000, 0x0000000100000000)
  eden space 309248K, 0% used [0x00000000e0000000,0x00000000e0000000,0x00000000f2e00000)
  from space 13824K, 97% used [0x00000000f2e00000,0x00000000f3b19ac0,0x00000000f3b80000)
  to   space 66048K, 0% used [0x00000000f6e80000,0x00000000f6e80000,0x00000000faf00000)
 ParOldGen       total 394752K, used 58255K [0x00000000a0000000, 0x00000000b8180000, 0x00000000e0000000)
  object space 394752K, 14% used [0x00000000a0000000,0x00000000a38e3ed0,0x00000000b8180000)
 Metaspace       used 132023K, capacity 138340K, committed 151040K, reserved 1179648K
  class space    used 16431K, capacity 17528K, committed 20224K, reserved 1048576K
Event: 21549.706 GC heap after
Heap after GC invocations=50 (full 9):
 PSYoungGen      total 323072K, used 0K [0x00000000e0000000, 0x00000000faf00000, 0x0000000100000000)
  eden space 309248K, 0% used [0x00000000e0000000,0x00000000e0000000,0x00000000f2e00000)
  from space 13824K, 0% used [0x00000000f2e00000,0x00000000f2e00000,0x00000000f3b80000)
  to   space 66048K, 0% used [0x00000000f6e80000,0x00000000f6e80000,0x00000000faf00000)
 ParOldGen       total 394752K, used 66505K [0x00000000a0000000, 0x00000000b8180000, 0x00000000e0000000)
  object space 394752K, 16% used [0x00000000a0000000,0x00000000a40f2478,0x00000000b8180000)
 Metaspace       used 131648K, capacity 137670K, committed 151040K, reserved 1179648K
  class space    used 16366K, capacity 17409K, committed 20224K, reserved 1048576K
}
Event: 22079.323 GC heap before
{Heap before GC invocations=51 (full 9):
 PSYoungGen      total 323072K, used 309248K [0x00000000e0000000, 0x00000000faf00000, 0x0000000100000000)
  eden space 309248K, 100% used [0x00000000e0000000,0x00000000f2e00000,0x00000000f2e00000)
  from space 13824K, 0% used [0x00000000f2e00000,0x00000000f2e00000,0x00000000f3b80000)
  to   space 66048K, 0% used [0x00000000f6e80000,0x00000000f6e80000,0x00000000faf00000)
 ParOldGen       total 394752K, used 66505K [0x00000000a0000000, 0x00000000b8180000, 0x00000000e0000000)
  object space 394752K, 16% used [0x00000000a0000000,0x00000000a40f2478,0x00000000b8180000)
 Metaspace       used 133307K, capacity 139932K, committed 151040K, reserved 1179648K
  class space    used 16626K, capacity 17769K, committed 20224K, reserved 1048576K
Event: 22079.357 GC heap after
Heap after GC invocations=51 (full 9):
 PSYoungGen      total 360960K, used 5448K [0x00000000e0000000, 0x00000000fa880000, 0x0000000100000000)
  eden space 301568K, 0% used [0x00000000e0000000,0x00000000e0000000,0x00000000f2680000)
  from space 59392K, 9% used [0x00000000f6e80000,0x00000000f73d2238,0x00000000fa880000)
  to   space 66560K, 0% used [0x00000000f2680000,0x00000000f2680000,0x00000000f6780000)
 ParOldGen       total 394752K, used 66513K [0x00000000a0000000, 0x00000000b8180000, 0x00000000e0000000)
  object space 394752K, 16% used [0x00000000a0000000,0x00000000a40f4478,0x00000000b8180000)
 Metaspace       used 133307K, capacity 139932K, committed 151040K, reserved 1179648K
  class space    used 16626K, capacity 17769K, committed 20224K, reserved 1048576K
}
Event: 22082.683 GC heap before
{Heap before GC invocations=52 (full 9):
 PSYoungGen      total 360960K, used 307016K [0x00000000e0000000, 0x00000000fa880000, 0x0000000100000000)
  eden space 301568K, 100% used [0x00000000e0000000,0x00000000f2680000,0x00000000f2680000)
  from space 59392K, 9% used [0x00000000f6e80000,0x00000000f73d2238,0x00000000fa880000)
  to   space 66560K, 0% used [0x00000000f2680000,0x00000000f2680000,0x00000000f6780000)
 ParOldGen       total 394752K, used 66513K [0x00000000a0000000, 0x00000000b8180000, 0x00000000e0000000)
  object space 394752K, 16% used [0x00000000a0000000,0x00000000a40f4478,0x00000000b8180000)
 Metaspace       used 134972K, capacity 142098K, committed 151040K, reserved 1179648K
  class space    used 16934K, capacity 18178K, committed 20224K, reserved 1048576K
Event: 22082.708 GC heap after
Heap after GC invocations=52 (full 9):
 PSYoungGen      total 368128K, used 24148K [0x00000000e0000000, 0x00000000fab80000, 0x0000000100000000)
  eden space 301568K, 0% used [0x00000000e0000000,0x00000000e0000000,0x00000000f2680000)
  from space 66560K, 36% used [0x00000000f2680000,0x00000000f3e153a8,0x00000000f6780000)
  to   space 62976K, 0% used [0x00000000f6e00000,0x00000000f6e00000,0x00000000fab80000)
 ParOldGen       total 394752K, used 66521K [0x00000000a0000000, 0x00000000b8180000, 0x00000000e0000000)
  object space 394752K, 16% used [0x00000000a0000000,0x00000000a40f6478,0x00000000b8180000)
 Metaspace       used 134972K, capacity 142098K, committed 151040K, reserved 1179648K
  class space    used 16934K, capacity 18178K, committed 20224K, reserved 1048576K
}
Event: 24493.545 GC heap before
{Heap before GC invocations=53 (full 9):
 PSYoungGen      total 368128K, used 325716K [0x00000000e0000000, 0x00000000fab80000, 0x0000000100000000)
  eden space 301568K, 100% used [0x00000000e0000000,0x00000000f2680000,0x00000000f2680000)
  from space 66560K, 36% used [0x00000000f2680000,0x00000000f3e153a8,0x00000000f6780000)
  to   space 62976K, 0% used [0x00000000f6e00000,0x00000000f6e00000,0x00000000fab80000)
 ParOldGen       total 394752K, used 66521K [0x00000000a0000000, 0x00000000b8180000, 0x00000000e0000000)
  object space 394752K, 16% used [0x00000000a0000000,0x00000000a40f6478,0x00000000b8180000)
 Metaspace       used 144942K, capacity 152820K, committed 158336K, reserved 1187840K
  class space    used 18145K, capacity 19504K, committed 20608K, reserved 1048576K
Event: 24493.687 GC heap after
Heap after GC invocations=53 (full 9):
 PSYoungGen      total 340992K, used 38894K [0x00000000e0000000, 0x00000000f9c00000, 0x0000000100000000)
  eden space 293888K, 0% used [0x00000000e0000000,0x00000000e0000000,0x00000000f1f00000)
  from space 47104K, 82% used [0x00000000f6e00000,0x00000000f93fb9f8,0x00000000f9c00000)
  to   space 64000K, 0% used [0x00000000f1f00000,0x00000000f1f00000,0x00000000f5d80000)
 ParOldGen       total 394752K, used 66529K [0x00000000a0000000, 0x00000000b8180000, 0x00000000e0000000)
  object space 394752K, 16% used [0x00000000a0000000,0x00000000a40f8478,0x00000000b8180000)
 Metaspace       used 144942K, capacity 152820K, committed 158336K, reserved 1187840K
  class space    used 18145K, capacity 19504K, committed 20608K, reserved 1048576K
}
Event: 24500.145 GC heap before
{Heap before GC invocations=54 (full 9):
 PSYoungGen      total 340992K, used 332782K [0x00000000e0000000, 0x00000000f9c00000, 0x0000000100000000)
  eden space 293888K, 100% used [0x00000000e0000000,0x00000000f1f00000,0x00000000f1f00000)
  from space 47104K, 82% used [0x00000000f6e00000,0x00000000f93fb9f8,0x00000000f9c00000)
  to   space 64000K, 0% used [0x00000000f1f00000,0x00000000f1f00000,0x00000000f5d80000)
 ParOldGen       total 394752K, used 66529K [0x00000000a0000000, 0x00000000b8180000, 0x00000000e0000000)
  object space 394752K, 16% used [0x00000000a0000000,0x00000000a40f8478,0x00000000b8180000)
 Metaspace       used 154003K, capacity 162964K, committed 166528K, reserved 1193984K
  class space    used 19570K, capacity 21162K, committed 21888K, reserved 1048576K

