# JRE version: OpenJDK Runtime Environment (8.0_202-b03) (build 1.8.0_202-release-1483-b03)
# Java VM: OpenJDK 64-Bit Server VM (25.202-b03 mixed mode windows-amd64 compressed oops)
Heap:
 PSYoungGen      total 225280K, used 145196K [0x00000000e0000000, 0x00000000f2f00000, 0x0000000100000000)
  eden space 201728K, 71% used [0x00000000e0000000,0x00000000e8dcb220,0x00000000ec500000)
  from space 23552K, 0% used [0x00000000ec500000,0x00000000ec500000,0x00000000edc00000)
  to   space 25600K, 0% used [0x00000000f1600000,0x00000000f1600000,0x00000000f2f00000)
 ParOldGen       total 249344K, used 35964K [0x00000000a0000000, 0x00000000af380000, 0x00000000e0000000)
  object space 249344K, 14% used [0x00000000a0000000,0x00000000a231f280,0x00000000af380000)
 Metaspace       used 64658K, capacity 66652K, committed 66688K, reserved 1105920K
  class space    used 8770K, capacity 9313K, committed 9344K, reserved 1048576K
GC Heap History (10 events):
Event: 15.336 GC heap before
{Heap before GC invocations=8 (full 2):
 PSYoungGen      total 162304K, used 9933K [0x00000000e0000000, 0x00000000ee480000, 0x0000000100000000)
  eden space 147456K, 0% used [0x00000000e0000000,0x00000000e0000000,0x00000000e9000000)
  from space 14848K, 66% used [0x00000000e9e00000,0x00000000ea7b3520,0x00000000eac80000)
  to   space 14336K, 0% used [0x00000000e9000000,0x00000000e9000000,0x00000000e9e00000)
 ParOldGen       total 109568K, used 13182K [0x00000000a0000000, 0x00000000a6b00000, 0x00000000e0000000)
  object space 109568K, 12% used [0x00000000a0000000,0x00000000a0cdf888,0x00000000a6b00000)
 Metaspace       used 34697K, capacity 35358K, committed 35496K, reserved 1079296K
  class space    used 4809K, capacity 5025K, committed 5120K, reserved 1048576K
Event: 15.511 GC heap after
Heap after GC invocations=8 (full 2):
 PSYoungGen      total 162304K, used 0K [0x00000000e0000000, 0x00000000ee480000, 0x0000000100000000)
  eden space 147456K, 0% used [0x00000000e0000000,0x00000000e0000000,0x00000000e9000000)
  from space 14848K, 0% used [0x00000000e9e00000,0x00000000e9e00000,0x00000000eac80000)
  to   space 14336K, 0% used [0x00000000e9000000,0x00000000e9000000,0x00000000e9e00000)
 ParOldGen       total 169984K, used 17068K [0x00000000a0000000, 0x00000000aa600000, 0x00000000e0000000)
  object space 169984K, 10% used [0x00000000a0000000,0x00000000a10ab388,0x00000000aa600000)
 Metaspace       used 34697K, capacity 35358K, committed 35496K, reserved 1079296K
  class space    used 4809K, capacity 5025K, committed 5120K, reserved 1048576K
}
Event: 20.783 GC heap before
{Heap before GC invocations=9 (full 2):
 PSYoungGen      total 162304K, used 147456K [0x00000000e0000000, 0x00000000ee480000, 0x0000000100000000)
  eden space 147456K, 100% used [0x00000000e0000000,0x00000000e9000000,0x00000000e9000000)
  from space 14848K, 0% used [0x00000000e9e00000,0x00000000e9e00000,0x00000000eac80000)
  to   space 14336K, 0% used [0x00000000e9000000,0x00000000e9000000,0x00000000e9e00000)
 ParOldGen       total 169984K, used 17068K [0x00000000a0000000, 0x00000000aa600000, 0x00000000e0000000)
  object space 169984K, 10% used [0x00000000a0000000,0x00000000a10ab388,0x00000000aa600000)
 Metaspace       used 45859K, capacity 47000K, committed 47232K, reserved 1089536K
  class space    used 6179K, capacity 6505K, committed 6528K, reserved 1048576K
Event: 20.815 GC heap after
Heap after GC invocations=9 (full 2):
 PSYoungGen      total 161792K, used 14329K [0x00000000e0000000, 0x00000000eed80000, 0x0000000100000000)
  eden space 147456K, 0% used [0x00000000e0000000,0x00000000e0000000,0x00000000e9000000)
  from space 14336K, 99% used [0x00000000e9000000,0x00000000e9dfe6d0,0x00000000e9e00000)
  to   space 17920K, 0% used [0x00000000edc00000,0x00000000edc00000,0x00000000eed80000)
 ParOldGen       total 169984K, used 21390K [0x00000000a0000000, 0x00000000aa600000, 0x00000000e0000000)
  object space 169984K, 12% used [0x00000000a0000000,0x00000000a14e3ac8,0x00000000aa600000)
 Metaspace       used 45859K, capacity 47000K, committed 47232K, reserved 1089536K
  class space    used 6179K, capacity 6505K, committed 6528K, reserved 1048576K
}
Event: 27.067 GC heap before
{Heap before GC invocations=10 (full 2):
 PSYoungGen      total 161792K, used 161785K [0x00000000e0000000, 0x00000000eed80000, 0x0000000100000000)
  eden space 147456K, 100% used [0x00000000e0000000,0x00000000e9000000,0x00000000e9000000)
  from space 14336K, 99% used [0x00000000e9000000,0x00000000e9dfe6d0,0x00000000e9e00000)
  to   space 17920K, 0% used [0x00000000edc00000,0x00000000edc00000,0x00000000eed80000)
 ParOldGen       total 169984K, used 21390K [0x00000000a0000000, 0x00000000aa600000, 0x00000000e0000000)
  object space 169984K, 12% used [0x00000000a0000000,0x00000000a14e3ac8,0x00000000aa600000)
 Metaspace       used 55941K, capacity 57578K, committed 57600K, reserved 1099776K
  class space    used 7499K, capacity 7919K, committed 7936K, reserved 1048576K
Event: 27.106 GC heap after
Heap after GC invocations=10 (full 2):
 PSYoungGen      total 219648K, used 17914K [0x00000000e0000000, 0x00000000ef480000, 0x0000000100000000)
  eden space 201728K, 0% used [0x00000000e0000000,0x00000000e0000000,0x00000000ec500000)
  from space 17920K, 99% used [0x00000000edc00000,0x00000000eed7eb70,0x00000000eed80000)
  to   space 23552K, 0% used [0x00000000ec500000,0x00000000ec500000,0x00000000edc00000)
 ParOldGen       total 169984K, used 29471K [0x00000000a0000000, 0x00000000aa600000, 0x00000000e0000000)
  object space 169984K, 17% used [0x00000000a0000000,0x00000000a1cc7fe0,0x00000000aa600000)
 Metaspace       used 55941K, capacity 57578K, committed 57600K, reserved 1099776K
  class space    used 7499K, capacity 7919K, committed 7936K, reserved 1048576K
}
Event: 27.800 GC heap before
{Heap before GC invocations=11 (full 2):
 PSYoungGen      total 219648K, used 40346K [0x00000000e0000000, 0x00000000ef480000, 0x0000000100000000)
  eden space 201728K, 11% used [0x00000000e0000000,0x00000000e15e7ef8,0x00000000ec500000)
  from space 17920K, 99% used [0x00000000edc00000,0x00000000eed7eb70,0x00000000eed80000)
  to   space 23552K, 0% used [0x00000000ec500000,0x00000000ec500000,0x00000000edc00000)
 ParOldGen       total 169984K, used 29471K [0x00000000a0000000, 0x00000000aa600000, 0x00000000e0000000)
  object space 169984K, 17% used [0x00000000a0000000,0x00000000a1cc7fe0,0x00000000aa600000)
 Metaspace       used 57492K, capacity 59098K, committed 59136K, reserved 1099776K
  class space    used 7741K, capacity 8165K, committed 8192K, reserved 1048576K
Event: 27.823 GC heap after
Heap after GC invocations=11 (full 2):
 PSYoungGen      total 225280K, used 20250K [0x00000000e0000000, 0x00000000f2f00000, 0x0000000100000000)
  eden space 201728K, 0% used [0x00000000e0000000,0x00000000e0000000,0x00000000ec500000)
  from space 23552K, 85% used [0x00000000ec500000,0x00000000ed8c6ba0,0x00000000edc00000)
  to   space 25600K, 0% used [0x00000000f1600000,0x00000000f1600000,0x00000000f2f00000)
 ParOldGen       total 169984K, used 29479K [0x00000000a0000000, 0x00000000aa600000, 0x00000000e0000000)
  object space 169984K, 17% used [0x00000000a0000000,0x00000000a1cc9fe0,0x00000000aa600000)
 Metaspace       used 57492K, capacity 59098K, committed 59136K, reserved 1099776K
  class space    used 7741K, capacity 8165K, committed 8192K, reserved 1048576K
}
Event: 27.823 GC heap before
{Heap before GC invocations=12 (full 3):
 PSYoungGen      total 225280K, used 20250K [0x00000000e0000000, 0x00000000f2f00000, 0x0000000100000000)
  eden space 201728K, 0% used [0x00000000e0000000,0x00000000e0000000,0x00000000ec500000)
  from space 23552K, 85% used [0x00000000ec500000,0x00000000ed8c6ba0,0x00000000edc00000)
  to   space 25600K, 0% used [0x00000000f1600000,0x00000000f1600000,0x00000000f2f00000)
 ParOldGen       total 169984K, used 29479K [0x00000000a0000000, 0x00000000aa600000, 0x00000000e0000000)
  object space 169984K, 17% used [0x00000000a0000000,0x00000000a1cc9fe0,0x00000000aa600000)
 Metaspace       used 57492K, capacity 59098K, committed 59136K, reserved 1099776K
  class space    used 7741K, capacity 8165K, committed 8192K, reserved 1048576K
Event: 28.317 GC heap after
Heap after GC invocations=12 (full 3):
 PSYoungGen      total 225280K, used 0K [0x00000000e0000000, 0x00000000f2f00000, 0x0000000100000000)
  eden space 201728K, 0% used [0x00000000e0000000,0x00000000e0000000,0x00000000ec500000)
  from space 23552K, 0% used [0x00000000ec500000,0x00000000ec500000,0x00000000edc00000)
  to   space 25600K, 0% used [0x00000000f1600000,0x00000000f1600000,0x00000000f2f00000)
 ParOldGen       total 249344K, used 35964K [0x00000000a0000000, 0x00000000af380000, 0x00000000e0000000)
  object space 249344K, 14% used [0x00000000a0000000,0x00000000a231f280,0x00000000af380000)
 Metaspace       used 57458K, capacity 58984K, committed 59136K, reserved 1099776K
  class space    used 7731K, capacity 8146K, committed 8192K, reserved 1048576K
}

